{"/Users/jafar/Desktop/WebpackAsoslari/src/shared/lib/classNames/classNames.ts": {"path":"/Users/jafar/Desktop/WebpackAsoslari/src/shared/lib/classNames/classNames.ts","all":false,"statementMap":{"0":{"start":{"line":1,"column":0},"end":{"line":1,"column":0}},"1":{"start":{"line":2,"column":0},"end":{"line":2,"column":44}},"2":{"start":{"line":3,"column":0},"end":{"line":3,"column":0}},"3":{"start":{"line":4,"column":0},"end":{"line":4,"column":93}},"4":{"start":{"line":5,"column":0},"end":{"line":5,"column":12}},"5":{"start":{"line":6,"column":0},"end":{"line":6,"column":12}},"6":{"start":{"line":7,"column":0},"end":{"line":7,"column":38}},"7":{"start":{"line":8,"column":0},"end":{"line":8,"column":31}},"8":{"start":{"line":9,"column":0},"end":{"line":9,"column":50}},"9":{"start":{"line":10,"column":0},"end":{"line":10,"column":44}},"10":{"start":{"line":11,"column":0},"end":{"line":11,"column":5}},"11":{"start":{"line":12,"column":0},"end":{"line":12,"column":19}},"12":{"start":{"line":13,"column":0},"end":{"line":13,"column":1}}},"s":{"0":1,"1":1,"2":1,"3":1,"4":4,"5":4,"6":4,"7":4,"8":4,"9":4,"10":4,"11":4,"12":4},"branchMap":{"0":{"type":"branch","line":4,"loc":{"start":{"line":4,"column":7},"end":{"line":13,"column":1}},"locations":[{"start":{"line":4,"column":7},"end":{"line":13,"column":1}}]},"1":{"type":"branch","line":4,"loc":{"start":{"line":4,"column":50},"end":{"line":4,"column":53}},"locations":[{"start":{"line":4,"column":50},"end":{"line":4,"column":53}}]},"2":{"type":"branch","line":4,"loc":{"start":{"line":4,"column":50},"end":{"line":4,"column":53}},"locations":[{"start":{"line":4,"column":50},"end":{"line":4,"column":53}}]},"3":{"type":"branch","line":4,"loc":{"start":{"line":4,"column":50},"end":{"line":4,"column":55}},"locations":[{"start":{"line":4,"column":50},"end":{"line":4,"column":55}}]},"4":{"type":"branch","line":4,"loc":{"start":{"line":4,"column":77},"end":{"line":4,"column":80}},"locations":[{"start":{"line":4,"column":77},"end":{"line":4,"column":80}}]},"5":{"type":"branch","line":4,"loc":{"start":{"line":4,"column":77},"end":{"line":4,"column":80}},"locations":[{"start":{"line":4,"column":77},"end":{"line":4,"column":80}}]},"6":{"type":"branch","line":4,"loc":{"start":{"line":4,"column":77},"end":{"line":4,"column":82}},"locations":[{"start":{"line":4,"column":77},"end":{"line":4,"column":82}}]},"7":{"type":"branch","line":9,"loc":{"start":{"line":9,"column":20},"end":{"line":9,"column":50}},"locations":[{"start":{"line":9,"column":20},"end":{"line":9,"column":50}}]},"8":{"type":"branch","line":10,"loc":{"start":{"line":10,"column":17},"end":{"line":10,"column":44}},"locations":[{"start":{"line":10,"column":17},"end":{"line":10,"column":44}}]}},"b":{"0":[4],"1":[3],"2":[3],"3":[1],"4":[3],"5":[3],"6":[1],"7":[4],"8":[3]},"fnMap":{"0":{"name":"classNames","decl":{"start":{"line":4,"column":7},"end":{"line":13,"column":1}},"loc":{"start":{"line":4,"column":7},"end":{"line":13,"column":1}},"line":4}},"f":{"0":4}}
}
